<?xml version="1.0" encoding="UTF-8"?>
<testng-results ignored="0" total="12" passed="11" failed="1" skipped="0">
  <reporter-output>
  </reporter-output>
  <suite started-at="2025-06-21T18:09:24 EEST" name="MySuite" finished-at="2025-06-21T18:09:41 EEST" duration-ms="16838">
    <groups>
      <group name="smoke">
        <method signature="LetCodeAlertTest.TestConfirmAlert()[pri:1, instance:LetCode.LetCodeAlertTest@6e38921c]" name="TestConfirmAlert" class="LetCode.LetCodeAlertTest"/>
      </group> <!-- smoke -->
      <group name="LetCode">
        <method signature="LetCodeAlertTest.TestConfirmAlert()[pri:1, instance:LetCode.LetCodeAlertTest@6e38921c]" name="TestConfirmAlert" class="LetCode.LetCodeAlertTest"/>
        <method signature="LetCodeAlertTest.TestPromptAlert()[pri:2, instance:LetCode.LetCodeAlertTest@6e38921c]" name="TestPromptAlert" class="LetCode.LetCodeAlertTest"/>
        <method signature="LetCodeAlertTest.TestModernAlert()[pri:3, instance:LetCode.LetCodeAlertTest@6e38921c]" name="TestModernAlert" class="LetCode.LetCodeAlertTest"/>
        <method signature="LetCodeAlertTest.assertAll()[pri:4, instance:LetCode.LetCodeAlertTest@6e38921c]" name="assertAll" class="LetCode.LetCodeAlertTest"/>
      </group> <!-- LetCode -->
    </groups>
    <test started-at="2025-06-21T18:09:24 EEST" name="MyTest" finished-at="2025-06-21T18:09:41 EEST" duration-ms="16838">
      <class name="LetCode.LetCodeAlertTest">
        <test-method is-config="true" signature="setUp()[pri:0, instance:LetCode.LetCodeAlertTest@6e38921c]" started-at="2025-06-21T18:09:33 EEST" name="setUp" finished-at="2025-06-21T18:09:40 EEST" duration-ms="7467" status="PASS">
          <reporter-output>
          </reporter-output>
        </test-method> <!-- setUp -->
        <test-method signature="TestConfirmAlert()[pri:1, instance:LetCode.LetCodeAlertTest@6e38921c]" started-at="2025-06-21T18:09:40 EEST" name="TestConfirmAlert" description="Test LetCode DropDowns" finished-at="2025-06-21T18:09:41 EEST" duration-ms="76" status="PASS">
          <reporter-output>
          </reporter-output>
        </test-method> <!-- TestConfirmAlert -->
        <test-method signature="TestPromptAlert()[pri:2, instance:LetCode.LetCodeAlertTest@6e38921c]" started-at="2025-06-21T18:09:41 EEST" name="TestPromptAlert" description="Test LetCode Prompt Alert" finished-at="2025-06-21T18:09:41 EEST" duration-ms="118" status="PASS">
          <reporter-output>
          </reporter-output>
        </test-method> <!-- TestPromptAlert -->
        <test-method signature="TestModernAlert()[pri:3, instance:LetCode.LetCodeAlertTest@6e38921c]" started-at="2025-06-21T18:09:41 EEST" name="TestModernAlert" description="Test LetCode Modern Alert" finished-at="2025-06-21T18:09:41 EEST" duration-ms="183" status="PASS">
          <reporter-output>
          </reporter-output>
        </test-method> <!-- TestModernAlert -->
        <test-method signature="assertAll()[pri:4, instance:LetCode.LetCodeAlertTest@6e38921c]" started-at="2025-06-21T18:09:41 EEST" name="assertAll" description="Assert All" finished-at="2025-06-21T18:09:41 EEST" duration-ms="0" status="PASS">
          <reporter-output>
          </reporter-output>
        </test-method> <!-- assertAll -->
      </class> <!-- LetCode.LetCodeAlertTest -->
      <class name="LetCode.LetCodeDropDownsTest">
        <test-method is-config="true" signature="setUp()[pri:0, instance:LetCode.LetCodeDropDownsTest@641147d0]" started-at="2025-06-21T18:09:32 EEST" name="setUp" finished-at="2025-06-21T18:09:33 EEST" duration-ms="1178" status="PASS">
          <reporter-output>
          </reporter-output>
        </test-method> <!-- setUp -->
        <test-method signature="testLetCodeDropDowns()[pri:1, instance:LetCode.LetCodeDropDownsTest@641147d0]" started-at="2025-06-21T18:09:33 EEST" name="testLetCodeDropDowns" description="Test LetCode DropDowns" finished-at="2025-06-21T18:09:33 EEST" duration-ms="252" status="PASS">
          <reporter-output>
          </reporter-output>
        </test-method> <!-- testLetCodeDropDowns -->
      </class> <!-- LetCode.LetCodeDropDownsTest -->
      <class name="LetCode.LetCodeButtonTest">
        <test-method is-config="true" signature="testLetCodeButtonPage()[pri:0, instance:LetCode.LetCodeButtonTest@6b0c2d26]" started-at="2025-06-21T18:09:25 EEST" name="testLetCodeButtonPage" finished-at="2025-06-21T18:09:26 EEST" duration-ms="1382" status="PASS">
          <reporter-output>
          </reporter-output>
        </test-method> <!-- testLetCodeButtonPage -->
        <test-method signature="testLetCodeButton()[pri:3, instance:LetCode.LetCodeButtonTest@6b0c2d26]" started-at="2025-06-21T18:09:26 EEST" name="testLetCodeButton" description="Test LetCode Button Page" finished-at="2025-06-21T18:09:26 EEST" duration-ms="213" status="PASS">
          <reporter-output>
          </reporter-output>
        </test-method> <!-- testLetCodeButton -->
        <test-method signature="testLocationButton()[pri:4, instance:LetCode.LetCodeButtonTest@6b0c2d26]" started-at="2025-06-21T18:09:26 EEST" name="testLocationButton" description="Test LetCode Location Button" finished-at="2025-06-21T18:09:26 EEST" duration-ms="40" status="PASS">
          <reporter-output>
          </reporter-output>
        </test-method> <!-- testLocationButton -->
        <test-method signature="testColor()[pri:5, instance:LetCode.LetCodeButtonTest@6b0c2d26]" started-at="2025-06-21T18:09:26 EEST" name="testColor" description="Test LetCode Button Color" finished-at="2025-06-21T18:09:26 EEST" duration-ms="27" status="PASS">
          <reporter-output>
          </reporter-output>
        </test-method> <!-- testColor -->
        <test-method signature="testHeightWidthButton()[pri:6, instance:LetCode.LetCodeButtonTest@6b0c2d26]" started-at="2025-06-21T18:09:26 EEST" name="testHeightWidthButton" description="Test LetCode Button Height and Width" finished-at="2025-06-21T18:09:26 EEST" duration-ms="39" status="PASS">
          <reporter-output>
          </reporter-output>
        </test-method> <!-- testHeightWidthButton -->
        <test-method signature="testDisabledButton()[pri:7, instance:LetCode.LetCodeButtonTest@6b0c2d26]" started-at="2025-06-21T18:09:26 EEST" name="testDisabledButton" description="Test LetCode Button Disabled" finished-at="2025-06-21T18:09:26 EEST" duration-ms="33" status="PASS">
          <reporter-output>
          </reporter-output>
        </test-method> <!-- testDisabledButton -->
        <test-method signature="testHoldButton()[pri:8, instance:LetCode.LetCodeButtonTest@6b0c2d26]" started-at="2025-06-21T18:09:26 EEST" name="testHoldButton" description="Test LetCode Hold Button " finished-at="2025-06-21T18:09:32 EEST" duration-ms="5214" status="FAIL">
          <exception class="org.openqa.selenium.StaleElementReferenceException">
            <message>
              <![CDATA[stale element reference: stale element not found in the current frame
  (Session info: chrome=137.0.7151.104)
For documentation on this error, please visit: https://selenium.dev/exceptions/#stale_element_reference
Build info: version: '4.0.0', revision: '3a21814679'
System info: host: 'YOUSEEF_DIEAA', ip: '192.168.100.10', os.name: 'Windows 11', os.arch: 'amd64', os.version: '10.0', java.version: '21.0.1'
Driver info: org.openqa.selenium.chrome.ChromeDriver
Command: [20776dfa8cfcb03bc879ab8681795569, getElementText {id=f.6549CC12086B44CFD06917A53067D0D3.d.6A04E3F07D027EF8A702046B73DD156C.e.132}]
Capabilities {acceptInsecureCerts: false, browserName: chrome, browserVersion: 137.0.7151.104, chrome: {chromedriverVersion: 137.0.7151.119 (e0ac9d12dff..., userDataDir: C:\Users\YOUSSE~1\AppData\L...}, fedcm:accounts: true, goog:chromeOptions: {debuggerAddress: localhost:50772}, javascriptEnabled: true, networkConnectionEnabled: false, pageLoadStrategy: normal, platform: WINDOWS, platformName: WINDOWS, proxy: Proxy(), se:cdp: ws://localhost:50772/devtoo..., se:cdpVersion: 137.0.7151.104, setWindowRect: true, strictFileInteractability: false, timeouts: {implicit: 0, pageLoad: 300000, script: 30000}, unhandledPromptBehavior: dismiss and notify, webauthn:extension:credBlob: true, webauthn:extension:largeBlob: true, webauthn:extension:minPinLength: true, webauthn:extension:prf: true, webauthn:virtualAuthenticators: true}
Element: [[ChromeDriver: chrome on WINDOWS (20776dfa8cfcb03bc879ab8681795569)] -> xpath: //*[@id="isDisabled"]/div/h2]
Session ID: 20776dfa8cfcb03bc879ab8681795569]]>
            </message>
            <full-stacktrace>
              <![CDATA[org.openqa.selenium.StaleElementReferenceException: stale element reference: stale element not found in the current frame
  (Session info: chrome=137.0.7151.104)
For documentation on this error, please visit: https://selenium.dev/exceptions/#stale_element_reference
Build info: version: '4.0.0', revision: '3a21814679'
System info: host: 'YOUSEEF_DIEAA', ip: '192.168.100.10', os.name: 'Windows 11', os.arch: 'amd64', os.version: '10.0', java.version: '21.0.1'
Driver info: org.openqa.selenium.chrome.ChromeDriver
Command: [20776dfa8cfcb03bc879ab8681795569, getElementText {id=f.6549CC12086B44CFD06917A53067D0D3.d.6A04E3F07D027EF8A702046B73DD156C.e.132}]
Capabilities {acceptInsecureCerts: false, browserName: chrome, browserVersion: 137.0.7151.104, chrome: {chromedriverVersion: 137.0.7151.119 (e0ac9d12dff..., userDataDir: C:\Users\YOUSSE~1\AppData\L...}, fedcm:accounts: true, goog:chromeOptions: {debuggerAddress: localhost:50772}, javascriptEnabled: true, networkConnectionEnabled: false, pageLoadStrategy: normal, platform: WINDOWS, platformName: WINDOWS, proxy: Proxy(), se:cdp: ws://localhost:50772/devtoo..., se:cdpVersion: 137.0.7151.104, setWindowRect: true, strictFileInteractability: false, timeouts: {implicit: 0, pageLoad: 300000, script: 30000}, unhandledPromptBehavior: dismiss and notify, webauthn:extension:credBlob: true, webauthn:extension:largeBlob: true, webauthn:extension:minPinLength: true, webauthn:extension:prf: true, webauthn:virtualAuthenticators: true}
Element: [[ChromeDriver: chrome on WINDOWS (20776dfa8cfcb03bc879ab8681795569)] -> xpath: //*[@id="isDisabled"]/div/h2]
Session ID: 20776dfa8cfcb03bc879ab8681795569
at java.base/jdk.internal.reflect.DirectConstructorHandleAccessor.newInstance(DirectConstructorHandleAccessor.java:62)
at java.base/java.lang.reflect.Constructor.newInstanceWithCaller(Constructor.java:502)
at java.base/java.lang.reflect.Constructor.newInstance(Constructor.java:486)
at org.openqa.selenium.remote.codec.w3c.W3CHttpResponseCodec.createException(W3CHttpResponseCodec.java:200)
at org.openqa.selenium.remote.codec.w3c.W3CHttpResponseCodec.decode(W3CHttpResponseCodec.java:133)
at org.openqa.selenium.remote.codec.w3c.W3CHttpResponseCodec.decode(W3CHttpResponseCodec.java:53)
at org.openqa.selenium.remote.HttpCommandExecutor.execute(HttpCommandExecutor.java:184)
at org.openqa.selenium.remote.service.DriverCommandExecutor.invokeExecute(DriverCommandExecutor.java:164)
at org.openqa.selenium.remote.service.DriverCommandExecutor.execute(DriverCommandExecutor.java:139)
at org.openqa.selenium.remote.RemoteWebDriver.execute(RemoteWebDriver.java:559)
at org.openqa.selenium.remote.RemoteWebElement.execute(RemoteWebElement.java:251)
at org.openqa.selenium.remote.RemoteWebElement.getText(RemoteWebElement.java:201)
at LetCodeActions.LetCodeActions.actionHoldData(LetCodeActions.java:63)
at LetCode.LetCodeButtonTest.testHoldButton(LetCodeButtonTest.java:63)
at java.base/jdk.internal.reflect.DirectMethodHandleAccessor.invoke(DirectMethodHandleAccessor.java:103)
at java.base/java.lang.reflect.Method.invoke(Method.java:580)
at org.testng.internal.invokers.MethodInvocationHelper.invokeMethod(MethodInvocationHelper.java:141)
at org.testng.internal.invokers.TestInvoker.invokeMethod(TestInvoker.java:687)
at org.testng.internal.invokers.TestInvoker.invokeTestMethod(TestInvoker.java:230)
at org.testng.internal.invokers.MethodRunner.runInSequence(MethodRunner.java:63)
at org.testng.internal.invokers.TestInvoker$MethodInvocationAgent.invoke(TestInvoker.java:995)
at org.testng.internal.invokers.TestInvoker.invokeTestMethods(TestInvoker.java:203)
at org.testng.internal.invokers.TestMethodWorker.invokeTestMethods(TestMethodWorker.java:154)
at org.testng.internal.invokers.TestMethodWorker.run(TestMethodWorker.java:134)
at java.base/java.util.ArrayList.forEach(ArrayList.java:1596)
at org.testng.TestRunner.privateRun(TestRunner.java:741)
at org.testng.TestRunner.run(TestRunner.java:616)
at org.testng.SuiteRunner.runTest(SuiteRunner.java:421)
at org.testng.SuiteRunner.runSequentially(SuiteRunner.java:413)
at org.testng.SuiteRunner.privateRun(SuiteRunner.java:373)
at org.testng.SuiteRunner.run(SuiteRunner.java:312)
at org.testng.SuiteRunnerWorker.runSuite(SuiteRunnerWorker.java:52)
at org.testng.SuiteRunnerWorker.run(SuiteRunnerWorker.java:95)
at org.testng.TestNG.runSuitesSequentially(TestNG.java:1274)
at org.testng.TestNG.runSuitesLocally(TestNG.java:1208)
at org.testng.TestNG.runSuites(TestNG.java:1112)
at org.testng.TestNG.run(TestNG.java:1079)
at runneer.main(runneer.java:7)
]]>
            </full-stacktrace>
          </exception> <!-- org.openqa.selenium.StaleElementReferenceException -->
          <reporter-output>
          </reporter-output>
        </test-method> <!-- testHoldButton -->
      </class> <!-- LetCode.LetCodeButtonTest -->
      <class name="LetCode.LetCodeTest">
        <test-method is-config="true" signature="setUp()[pri:0, instance:LetCode.LetCodeTest@3e77a1ed]" started-at="2025-06-21T18:09:19 EEST" name="setUp" finished-at="2025-06-21T18:09:24 EEST" duration-ms="5146" status="PASS">
          <reporter-output>
          </reporter-output>
        </test-method> <!-- setUp -->
        <test-method signature="testLetCodeEditPage()[pri:1, instance:LetCode.LetCodeTest@3e77a1ed]" started-at="2025-06-21T18:09:24 EEST" name="testLetCodeEditPage" description="Test LetCode Page" finished-at="2025-06-21T18:09:25 EEST" duration-ms="562" status="PASS">
          <reporter-output>
          </reporter-output>
        </test-method> <!-- testLetCodeEditPage -->
        <test-method is-config="true" signature="tearDown()[pri:0, instance:LetCode.LetCodeTest@3e77a1ed]" started-at="2025-06-21T18:09:41 EEST" name="tearDown" finished-at="2025-06-21T18:09:41 EEST" duration-ms="265" status="PASS">
          <reporter-output>
          </reporter-output>
        </test-method> <!-- tearDown -->
      </class> <!-- LetCode.LetCodeTest -->
    </test> <!-- MyTest -->
  </suite> <!-- MySuite -->
</testng-results>
